2016-04-04 22:24:14,720 DEBUG [AddStock]  Step # Control in init method
2016-04-04 22:24:15,456 DEBUG [AddStock] Step#1.6 : Calling getData for AddStock
2016-04-04 22:24:15,470 DEBUG [AddStock]  Step # Control in validateRunmodes method
2016-04-04 22:24:15,470 DEBUG [AddStock] Step#1.1 : Validating  method validateRunmodes AddStock in suite StockSuite
2016-04-04 22:24:15,496 DEBUG [AddStock] Step#1.2 : Validating  method isSuitableRunnable--StockSuite
2016-04-04 22:24:15,557 DEBUG [AddStock] Step#1.3 : Validating  method isSuitableRunnable--AddStock
2016-04-04 22:24:15,557 DEBUG [AddStock] Step#1.5 : Skipping the testAddStockinside the suite StockSuite
2016-04-04 22:24:15,557 DEBUG [AddStock] Step#2.0 : Executing from Stock Suite 
2016-04-04 22:24:15,557 DEBUG [AddStock] Step # Control in dologindefault method 
2016-04-04 22:24:15,557 DEBUG [AddStock] Step#1.8 : Executing from dologindefault 
2016-04-04 22:24:15,557 DEBUG [AddStock] Step#1.9 : Executing from dologindefault Mozilla
2016-04-04 22:24:15,557 DEBUG [AddStock]  Step # Control in dologin method -- Mozilla
2016-04-04 22:24:15,557 DEBUG [AddStock]  Step # Control in openBrowser method
2016-04-04 22:24:19,897 DEBUG [AddStock]  Step # Control in navigate method
2016-04-04 22:24:22,897 DEBUG [AddStock] Step#1.8-dologin : Executing  with bowsernamesheel2006@gmail.com
2016-04-04 22:24:22,897 DEBUG [AddStock]  Step # Control in isElementpresent method  
2016-04-04 22:24:23,035 DEBUG [AddStock]  Step # Control in JavascriptExecutorclick method .//*[@id='homewrapper']/div[5]/a[3]/div/u
2016-04-04 22:24:23,157 DEBUG [AddStock]  Step # Control in click method  .//*[@id='wrapper']/div[2]/ul/li[2]/a
2016-04-04 22:24:29,239 DEBUG [AddStock]  Step # Control in verifyTitle method  
2016-04-04 22:24:29,294 DEBUG [AddStock]  Step # Control in input method  useremail--Data value---sheel2006@gmail.com
2016-04-04 22:24:29,444 DEBUG [AddStock]  Step # Control in click method  .//*[@id='emailsubmit']
2016-04-04 22:24:29,599 DEBUG [AddStock]  Step # Control in input method  .//*[@id='userpass']--Data value---helpdesk
2016-04-04 22:24:29,932 DEBUG [AddStock]  Step # Control in JavascriptExecutorclick method .//*[@id='loginsubmit']
2016-04-04 22:24:34,560 DEBUG [AddStock] Step#2.1 : Click on addStock 
2016-04-04 22:24:34,560 DEBUG [AddStock]  Step # Control in input method  .//*[@id='addstockname']--Data value---Nestle India Ltd.
2016-04-04 22:24:34,898 DEBUG [AddStock] Step#2.2 : extract value from calender 
2016-04-04 22:24:34,899 DEBUG [AddStock]  Step # Control in click method  .//*[@id='stockPurchaseDate']
2016-04-04 22:24:35,099 DEBUG [AddStock] Step # Control in identifier method 
2016-04-04 22:24:35,175 DEBUG [AddStock]  Step # Control in click method  .//*[@id='datepicker']/table/tbody/tr[1]/td[2]/button
2016-04-04 22:24:35,341 DEBUG [AddStock] Step # Control in identifier method 
2016-04-04 22:24:35,403 DEBUG [AddStock]  Step # Control in click method  .//*[@id='datepicker']/table/tbody/tr[1]/td[2]/button
2016-04-04 22:24:35,553 DEBUG [AddStock] Step # Control in identifier method 
2016-04-04 22:24:35,634 DEBUG [AddStock]  Step # Control in click method  .//*[@id='datepicker']/table/tbody/tr[1]/td[2]/button
2016-04-04 22:24:35,806 DEBUG [AddStock] Step # Control in identifier method 
2016-04-04 22:24:35,873 DEBUG [AddStock]  Step # Control in click method  .//*[@id='datepicker']/table/tbody/tr[1]/td[2]/button
2016-04-04 22:24:36,007 DEBUG [AddStock] Step # Control in identifier method 
2016-04-04 22:24:36,083 DEBUG [AddStock]  Step # Control in click method  .//*[@id='datepicker']/table/tbody/tr[1]/td[2]/button
2016-04-04 22:24:36,186 DEBUG [AddStock] Step # Control in identifier method 
2016-04-04 22:24:36,238 DEBUG [AddStock]  Step # Control in click method  .//*[@id='datepicker']/table/tbody/tr[1]/td[2]/button
2016-04-04 22:24:36,543 DEBUG [AddStock] Step # Control in identifier method 
2016-04-04 22:24:36,611 DEBUG [AddStock]  Step # Control in click method  .//*[@id='datepicker']/table/tbody/tr[1]/td[2]/button
2016-04-04 22:24:36,714 DEBUG [AddStock] Step # Control in identifier method 
2016-04-04 22:24:36,756 DEBUG [AddStock]  Step # Control in click method  .//*[@id='datepicker']/table/tbody/tr[1]/td[2]/button
2016-04-04 22:24:36,856 DEBUG [AddStock] Step # Control in identifier method 
2016-04-04 22:24:36,905 DEBUG [AddStock]  Step # Control in click method  .//*[@id='datepicker']/table/tbody/tr[1]/td[2]/button
2016-04-04 22:24:37,007 DEBUG [AddStock] Step # Control in identifier method 
2016-04-04 22:24:37,050 DEBUG [AddStock]  Step # Control in click method  .//*[@id='datepicker']/table/tbody/tr[1]/td[2]/button
2016-04-04 22:24:37,141 DEBUG [AddStock] Step # Control in identifier method 
2016-04-04 22:24:37,183 DEBUG [AddStock]  Step # Control in click method  .//*[@id='datepicker']/table/tbody/tr[1]/td[2]/button
2016-04-04 22:24:37,276 DEBUG [AddStock] Step # Control in identifier method 
2016-04-04 22:24:37,318 DEBUG [AddStock]  Step # Control in click method  .//*[@id='datepicker']/table/tbody/tr[1]/td[2]/button
2016-04-04 22:24:37,408 DEBUG [AddStock] Step # Control in identifier method 
2016-04-04 22:24:37,449 DEBUG [AddStock]  Step # Control in click method  .//*[@id='datepicker']/table/tbody/tr[1]/td[2]/button
2016-04-04 22:24:37,550 DEBUG [AddStock] Step # Control in identifier method 
2016-04-04 22:24:37,591 DEBUG [AddStock]  Step # Control in click method  .//*[@id='datepicker']/table/tbody/tr[1]/td[2]/button
2016-04-04 22:24:37,701 DEBUG [AddStock] Step # Control in identifier method 
2016-04-04 22:24:37,757 DEBUG [AddStock]  Step # Control in click method  .//*[@id='datepicker']/table/tbody/tr[1]/td[2]/button
2016-04-04 22:24:37,901 DEBUG [AddStock] Step # Control in identifier method 
2016-04-04 22:24:37,964 DEBUG [AddStock]  Step # Control in click method  .//*[@id='datepicker']/table/tbody/tr[1]/td[2]/button
2016-04-04 22:24:38,247 DEBUG [AddStock] Step # Control in identifier method 
2016-04-04 22:24:38,303 DEBUG [AddStock]  Step # Control in click method  .//*[@id='datepicker']/table/tbody/tr[1]/td[2]/button
2016-04-04 22:24:38,408 DEBUG [AddStock] Step # Control in identifier method 
2016-04-04 22:24:38,477 DEBUG [AddStock]  Step # Control in click method  .//*[@id='datepicker']/table/tbody/tr[1]/td[2]/button
2016-04-04 22:24:38,585 DEBUG [AddStock] Step # Control in identifier method 
2016-04-04 22:24:38,641 DEBUG [AddStock]  Step # Control in click method  .//*[@id='datepicker']/table/tbody/tr[1]/td[2]/button
2016-04-04 22:24:38,765 DEBUG [AddStock] Step # Control in identifier method 
2016-04-04 22:24:38,820 DEBUG [AddStock]  Step # Control in click method  .//*[@id='datepicker']/table/tbody/tr[1]/td[2]/button
2016-04-04 22:24:38,932 DEBUG [AddStock] Step # Control in identifier method 
2016-04-04 22:24:38,986 DEBUG [AddStock]  Step # Control in click method  .//*[@id='datepicker']/table/tbody/tr[1]/td[2]/button
2016-04-04 22:24:39,084 DEBUG [AddStock] Step # Control in identifier method 
2016-04-04 22:24:39,240 DEBUG [AddStock]  Step # Control in input method  .//*[@id='addstockqty']--Data value---10
2016-04-04 22:24:39,305 DEBUG [AddStock]  Step # Control in input method  .//*[@id='addstockprice']--Data value---500
2016-04-04 22:24:39,375 DEBUG [AddStock]  Step # Control in click method  .//*[@title='Submit']
